<?xml version="1.0" encoding="UTF-8"?>
<!-- Generated by org.testng.reporters.JUnitXMLReporter -->
<testsuite hostname="W1073H78S2" ignored="0" name="Admin" tests="1" failures="0" timestamp="2020-03-01T15:01:25 IST" time="0.01" errors="0">
  <testcase name="@BeforeMethod beforeMethod" time="-1.583067685061E9" classname="core.TestNGCore">
    <failure type="org.testng.TestNGException" message="
Parameter &amp;apos;browser&amp;apos; is required by BeforeMethod on method beforeMethod but has not been marked @Optional or defined
in C:\Users\Yosef_Cohen\eclipse-workspace\WebAutomation\testng.xml">
      <![CDATA[org.testng.TestNGException: 
Parameter 'browser' is required by BeforeMethod on method beforeMethod but has not been marked @Optional or defined
in C:\Users\Yosef_Cohen\eclipse-workspace\WebAutomation\testng.xml
at java.util.ArrayList.forEach(Unknown Source)
... Removed 28 stack frames]]>
    </failure>
  </testcase> <!-- @BeforeMethod beforeMethod -->
  <testcase name="@AfterMethod afterMethod" time="-1.583067685069E9" classname="core.TestNGCore">
    <skipped/>
  </testcase> <!-- @AfterMethod afterMethod -->
  <testcase name="verifyPersonalDataTest" time="0.0" classname="test.retailer.RetailerPersonalInfoTest">
    <skipped/>
  </testcase> <!-- verifyPersonalDataTest -->
</testsuite> <!-- Admin -->
