<!DOCTYPE html PUBLIC "-//W3C//DTD XHTML 1.1//EN" "http://www.w3.org/TR/xhtml11/DTD/xhtml11.dtd">
<html xmlns="http://www.w3.org/1999/xhtml">
<head>
<meta http-equiv="content-type" content="text/html; charset=UTF-8"/>
<title>TestNG Report</title>
<style type="text/css">table {margin-bottom:10px;border-collapse:collapse;empty-cells:show}th,td {border:1px solid #009;padding:.25em .5em}th {vertical-align:bottom}td {vertical-align:top}table a {font-weight:bold}.stripe td {background-color: #E6EBF9}.num {text-align:right}.passedodd td {background-color: #3F3}.passedeven td {background-color: #0A0}.skippedodd td {background-color: #DDD}.skippedeven td {background-color: #CCC}.failedodd td,.attn {background-color: #F33}.failedeven td,.stripe .attn {background-color: #D00}.stacktrace {white-space:pre;font-family:monospace}.totop {font-size:85%;text-align:center;border-bottom:2px solid #000}.invisible {display:none}</style>
</head>
<body>
<table>
<tr><th>Test</th><th># Passed</th><th># Skipped</th><th># Retried</th><th># Failed</th><th>Time (ms)</th><th>Included Groups</th><th>Excluded Groups</th></tr>
<tr><th colspan="7">TestAll</th></tr>
<tr><td><a href="#t0">Retailer</a></td><td class="num">1</td><td class="num">0</td><td class="num">0</td><td class="num">0</td><td class="num">26,262</td><td></td><td></td></tr>
<tr class="stripe"><td><a href="#t1">Brand</a></td><td class="num">1</td><td class="num">0</td><td class="num">0</td><td class="num">0</td><td class="num">27,095</td><td></td><td></td></tr>
<tr><td><a href="#t2">Admin</a></td><td class="num">0</td><td class="num attn">1</td><td class="num">0</td><td class="num">0</td><td class="num">10</td><td></td><td></td></tr>
<tr><th>Total</th><th class="num">2</th><th class="num attn">1</th><th class="num">0</th><th class="num">0</th><th class="num">53,367</th><th colspan="2"></th></tr>
</table>
<table id='summary'><thead><tr><th>Class</th><th>Method</th><th>Start</th><th>Time (ms)</th></tr></thead><tbody><tr><th colspan="4">TestAll</th></tr></tbody><tbody id="t0"><tr><th colspan="4">Retailer &#8212; passed</th></tr><tr class="passedeven"><td rowspan="1">test.retailer.RetailerPersonalInfoTest</td><td><a href="#m0">verifyPersonalDataTest</a></td><td rowspan="1">1583067640912</td><td rowspan="1">14871</td></tr></tbody>
<tbody id="t1"><tr><th colspan="4">Brand &#8212; passed</th></tr><tr class="passedeven"><td rowspan="1">test.retailer.RetailerPersonalInfoTest</td><td><a href="#m1">verifyPersonalDataTest</a></td><td rowspan="1">1583067668959</td><td rowspan="1">13889</td></tr></tbody>
<tbody id="t2"><tr><th colspan="4">Admin &#8212; failed (configuration methods)</th></tr><tr class="failedeven"><td rowspan="1">test.retailer.RetailerPersonalInfoTest</td><td><a href="#m2">beforeMethod</a></td><td rowspan="1">1583067685061</td><td rowspan="1">-1583067685061</td></tr><tr><th colspan="4">Admin &#8212; skipped (configuration methods)</th></tr><tr class="skippedeven"><td rowspan="1">test.retailer.RetailerPersonalInfoTest</td><td><a href="#m3">afterMethod</a></td><td rowspan="1">1583067685069</td><td rowspan="1">-1583067685069</td></tr><tr><th colspan="4">Admin &#8212; skipped</th></tr><tr class="skippedeven"><td rowspan="1">test.retailer.RetailerPersonalInfoTest</td><td><a href="#m4">verifyPersonalDataTest</a></td><td rowspan="1">1583067685066</td><td rowspan="1">0</td></tr></tbody>
</table>
<h2>Retailer</h2><h3 id="m0">test.retailer.RetailerPersonalInfoTest#verifyPersonalDataTest</h3><table class="result"><tr><th class="invisible"/></tr></table><p class="totop"><a href="#summary">back to summary</a></p>
<h2>Brand</h2><h3 id="m1">test.retailer.RetailerPersonalInfoTest#verifyPersonalDataTest</h3><table class="result"><tr><th class="invisible"/></tr></table><p class="totop"><a href="#summary">back to summary</a></p>
<h2>Admin</h2><h3 id="m2">test.retailer.RetailerPersonalInfoTest#beforeMethod</h3><table class="result"><tr><th>Exception</th></tr><tr><td><div class="stacktrace">org.testng.TestNGException: 
Parameter &apos;browser&apos; is required by BeforeMethod on method beforeMethod but has not been marked @Optional or defined
in C:\Users\Yosef_Cohen\eclipse-workspace\WebAutomation\testng.xml
	at java.util.ArrayList.forEach(Unknown Source)
... Removed 28 stack frames</div></td></tr></table><p class="totop"><a href="#summary">back to summary</a></p>
<h3 id="m3">test.retailer.RetailerPersonalInfoTest#afterMethod</h3><table class="result"><tr><th class="invisible"/></tr></table><p class="totop"><a href="#summary">back to summary</a></p>
<h3 id="m4">test.retailer.RetailerPersonalInfoTest#verifyPersonalDataTest</h3><table class="result"><tr><th>Exception</th></tr><tr><td><div class="stacktrace">org.testng.TestNGException: 
Parameter &apos;browser&apos; is required by BeforeMethod on method beforeMethod but has not been marked @Optional or defined
in C:\Users\Yosef_Cohen\eclipse-workspace\WebAutomation\testng.xml
	at java.util.ArrayList.forEach(Unknown Source)
... Removed 28 stack frames</div></td></tr></table><p class="totop"><a href="#summary">back to summary</a></p>
</body>
</html>
