<?xml version="1.0" encoding="UTF-8"?>
<testng-results skipped="1" failed="0" ignored="0" total="3" passed="2">
  <reporter-output>
  </reporter-output>
  <suite name="TestAll" duration-ms="53444" started-at="2020-03-01T15:00:31 IST" finished-at="2020-03-01T15:01:25 IST">
    <groups>
    </groups>
    <test name="Retailer" duration-ms="26262" started-at="2020-03-01T15:00:31 IST" finished-at="2020-03-01T15:00:57 IST">
      <class name="test.retailer.RetailerPersonalInfoTest">
        <test-method status="PASS" signature="beforeTest()[pri:0, instance:test.retailer.RetailerPersonalInfoTest@67205a84]" name="beforeTest" is-config="true" duration-ms="0" started-at="2020-03-01T15:00:31 IST" finished-at="2020-03-01T15:00:31 IST">
          <reporter-output>
          </reporter-output>
        </test-method> <!-- beforeTest -->
        <test-method status="PASS" signature="beforeMethod(java.lang.String, java.lang.reflect.Method)[pri:0, instance:test.retailer.RetailerPersonalInfoTest@67205a84]" name="beforeMethod" is-config="true" duration-ms="9264" started-at="2020-03-01T15:00:31 IST" finished-at="2020-03-01T15:00:40 IST">
          <params>
            <param index="0">
              <value>
                <![CDATA[Chrome]]>
              </value>
            </param>
            <param index="1">
              <value>
                <![CDATA[public void test.retailer.RetailerPersonalInfoTest.verifyPersonalDataTest()]]>
              </value>
            </param>
          </params>
          <reporter-output>
          </reporter-output>
        </test-method> <!-- beforeMethod -->
        <test-method status="PASS" signature="verifyPersonalDataTest()[pri:0, instance:test.retailer.RetailerPersonalInfoTest@67205a84]" name="verifyPersonalDataTest" duration-ms="14871" started-at="2020-03-01T15:00:40 IST" finished-at="2020-03-01T15:00:55 IST">
          <reporter-output>
          </reporter-output>
        </test-method> <!-- verifyPersonalDataTest -->
        <test-method status="PASS" signature="afterMethod()[pri:0, instance:test.retailer.RetailerPersonalInfoTest@67205a84]" name="afterMethod" is-config="true" duration-ms="2094" started-at="2020-03-01T15:00:55 IST" finished-at="2020-03-01T15:00:57 IST">
          <reporter-output>
          </reporter-output>
        </test-method> <!-- afterMethod -->
        <test-method status="PASS" signature="afterTest()[pri:0, instance:test.retailer.RetailerPersonalInfoTest@67205a84]" name="afterTest" is-config="true" duration-ms="0" started-at="2020-03-01T15:00:57 IST" finished-at="2020-03-01T15:00:57 IST">
          <reporter-output>
          </reporter-output>
        </test-method> <!-- afterTest -->
      </class> <!-- test.retailer.RetailerPersonalInfoTest -->
    </test> <!-- Retailer -->
    <test name="Brand" duration-ms="27095" started-at="2020-03-01T15:00:57 IST" finished-at="2020-03-01T15:01:25 IST">
      <class name="test.retailer.RetailerPersonalInfoTest">
        <test-method status="PASS" signature="beforeTest()[pri:0, instance:test.retailer.RetailerPersonalInfoTest@15d0c81b]" name="beforeTest" is-config="true" duration-ms="0" started-at="2020-03-01T15:00:57 IST" finished-at="2020-03-01T15:00:57 IST">
          <reporter-output>
          </reporter-output>
        </test-method> <!-- beforeTest -->
        <test-method status="PASS" signature="beforeMethod(java.lang.String, java.lang.reflect.Method)[pri:0, instance:test.retailer.RetailerPersonalInfoTest@15d0c81b]" name="beforeMethod" is-config="true" duration-ms="11019" started-at="2020-03-01T15:00:57 IST" finished-at="2020-03-01T15:01:08 IST">
          <params>
            <param index="0">
              <value>
                <![CDATA[FireFox]]>
              </value>
            </param>
            <param index="1">
              <value>
                <![CDATA[public void test.retailer.RetailerPersonalInfoTest.verifyPersonalDataTest()]]>
              </value>
            </param>
          </params>
          <reporter-output>
          </reporter-output>
        </test-method> <!-- beforeMethod -->
        <test-method status="PASS" signature="verifyPersonalDataTest()[pri:0, instance:test.retailer.RetailerPersonalInfoTest@15d0c81b]" name="verifyPersonalDataTest" duration-ms="13889" started-at="2020-03-01T15:01:08 IST" finished-at="2020-03-01T15:01:22 IST">
          <reporter-output>
          </reporter-output>
        </test-method> <!-- verifyPersonalDataTest -->
        <test-method status="PASS" signature="afterMethod()[pri:0, instance:test.retailer.RetailerPersonalInfoTest@15d0c81b]" name="afterMethod" is-config="true" duration-ms="2181" started-at="2020-03-01T15:01:22 IST" finished-at="2020-03-01T15:01:25 IST">
          <reporter-output>
          </reporter-output>
        </test-method> <!-- afterMethod -->
        <test-method status="PASS" signature="afterTest()[pri:0, instance:test.retailer.RetailerPersonalInfoTest@15d0c81b]" name="afterTest" is-config="true" duration-ms="0" started-at="2020-03-01T15:01:25 IST" finished-at="2020-03-01T15:01:25 IST">
          <reporter-output>
          </reporter-output>
        </test-method> <!-- afterTest -->
      </class> <!-- test.retailer.RetailerPersonalInfoTest -->
    </test> <!-- Brand -->
    <test name="Admin" duration-ms="10" started-at="2020-03-01T15:01:25 IST" finished-at="2020-03-01T15:01:25 IST">
      <class name="test.retailer.RetailerPersonalInfoTest">
        <test-method status="PASS" signature="beforeSuite()[pri:0, instance:test.retailer.RetailerPersonalInfoTest@33f88ab]" name="beforeSuite" is-config="true" duration-ms="135" started-at="2020-03-01T15:00:31 IST" finished-at="2020-03-01T15:00:31 IST">
          <reporter-output>
          </reporter-output>
        </test-method> <!-- beforeSuite -->
        <test-method status="PASS" signature="beforeTest()[pri:0, instance:test.retailer.RetailerPersonalInfoTest@33f88ab]" name="beforeTest" is-config="true" duration-ms="0" started-at="2020-03-01T15:01:25 IST" finished-at="2020-03-01T15:01:25 IST">
          <reporter-output>
          </reporter-output>
        </test-method> <!-- beforeTest -->
        <test-method status="FAIL" signature="beforeMethod(java.lang.String, java.lang.reflect.Method)[pri:0, instance:test.retailer.RetailerPersonalInfoTest@33f88ab]" name="beforeMethod" is-config="true" duration-ms="-1583067685061" started-at="2020-03-01T15:01:25 IST" finished-at="1970-01-01T02:00:00 IST">
          <exception class="org.testng.TestNGException">
            <message>
              <![CDATA[
Parameter 'browser' is required by BeforeMethod on method beforeMethod but has not been marked @Optional or defined
in C:\Users\Yosef_Cohen\eclipse-workspace\WebAutomation\testng.xml]]>
            </message>
            <full-stacktrace>
              <![CDATA[org.testng.TestNGException: 
Parameter 'browser' is required by BeforeMethod on method beforeMethod but has not been marked @Optional or defined
in C:\Users\Yosef_Cohen\eclipse-workspace\WebAutomation\testng.xml
at org.testng.internal.Parameters.createParams(Parameters.java:289)
at org.testng.internal.Parameters.createParametersForMethod(Parameters.java:377)
at org.testng.internal.Parameters.createParameters(Parameters.java:721)
at org.testng.internal.Parameters.createConfigurationParameters(Parameters.java:164)
at org.testng.internal.ConfigInvoker.invokeConfigurations(ConfigInvoker.java:275)
at org.testng.internal.TestInvoker.runConfigMethods(TestInvoker.java:683)
at org.testng.internal.TestInvoker.invokeMethod(TestInvoker.java:510)
at org.testng.internal.TestInvoker.invokeTestMethod(TestInvoker.java:172)
at org.testng.internal.MethodRunner.runInSequence(MethodRunner.java:46)
at org.testng.internal.TestInvoker$MethodInvocationAgent.invoke(TestInvoker.java:804)
at org.testng.internal.TestInvoker.invokeTestMethods(TestInvoker.java:145)
at org.testng.internal.TestMethodWorker.invokeTestMethods(TestMethodWorker.java:146)
at org.testng.internal.TestMethodWorker.run(TestMethodWorker.java:128)
at java.util.ArrayList.forEach(Unknown Source)
at org.testng.TestRunner.privateRun(TestRunner.java:770)
at org.testng.TestRunner.run(TestRunner.java:591)
at org.testng.SuiteRunner.runTest(SuiteRunner.java:402)
at org.testng.SuiteRunner.runSequentially(SuiteRunner.java:396)
at org.testng.SuiteRunner.privateRun(SuiteRunner.java:355)
at org.testng.SuiteRunner.run(SuiteRunner.java:304)
at org.testng.SuiteRunnerWorker.runSuite(SuiteRunnerWorker.java:53)
at org.testng.SuiteRunnerWorker.run(SuiteRunnerWorker.java:96)
at org.testng.TestNG.runSuitesSequentially(TestNG.java:1180)
at org.testng.TestNG.runSuitesLocally(TestNG.java:1102)
at org.testng.TestNG.runSuites(TestNG.java:1032)
at org.testng.TestNG.run(TestNG.java:1000)
at org.testng.remote.AbstractRemoteTestNG.run(AbstractRemoteTestNG.java:115)
at org.testng.remote.RemoteTestNG.initAndRun(RemoteTestNG.java:251)
at org.testng.remote.RemoteTestNG.main(RemoteTestNG.java:77)
]]>
            </full-stacktrace>
          </exception> <!-- org.testng.TestNGException -->
          <reporter-output>
          </reporter-output>
        </test-method> <!-- beforeMethod -->
        <test-method status="SKIP" signature="verifyPersonalDataTest()[pri:0, instance:test.retailer.RetailerPersonalInfoTest@33f88ab]" name="verifyPersonalDataTest" duration-ms="0" started-at="2020-03-01T15:01:25 IST" finished-at="2020-03-01T15:01:25 IST">
          <exception class="org.testng.TestNGException">
            <message>
              <![CDATA[
Parameter 'browser' is required by BeforeMethod on method beforeMethod but has not been marked @Optional or defined
in C:\Users\Yosef_Cohen\eclipse-workspace\WebAutomation\testng.xml]]>
            </message>
            <full-stacktrace>
              <![CDATA[org.testng.TestNGException: 
Parameter 'browser' is required by BeforeMethod on method beforeMethod but has not been marked @Optional or defined
in C:\Users\Yosef_Cohen\eclipse-workspace\WebAutomation\testng.xml
at org.testng.internal.Parameters.createParams(Parameters.java:289)
at org.testng.internal.Parameters.createParametersForMethod(Parameters.java:377)
at org.testng.internal.Parameters.createParameters(Parameters.java:721)
at org.testng.internal.Parameters.createConfigurationParameters(Parameters.java:164)
at org.testng.internal.ConfigInvoker.invokeConfigurations(ConfigInvoker.java:275)
at org.testng.internal.TestInvoker.runConfigMethods(TestInvoker.java:683)
at org.testng.internal.TestInvoker.invokeMethod(TestInvoker.java:510)
at org.testng.internal.TestInvoker.invokeTestMethod(TestInvoker.java:172)
at org.testng.internal.MethodRunner.runInSequence(MethodRunner.java:46)
at org.testng.internal.TestInvoker$MethodInvocationAgent.invoke(TestInvoker.java:804)
at org.testng.internal.TestInvoker.invokeTestMethods(TestInvoker.java:145)
at org.testng.internal.TestMethodWorker.invokeTestMethods(TestMethodWorker.java:146)
at org.testng.internal.TestMethodWorker.run(TestMethodWorker.java:128)
at java.util.ArrayList.forEach(Unknown Source)
at org.testng.TestRunner.privateRun(TestRunner.java:770)
at org.testng.TestRunner.run(TestRunner.java:591)
at org.testng.SuiteRunner.runTest(SuiteRunner.java:402)
at org.testng.SuiteRunner.runSequentially(SuiteRunner.java:396)
at org.testng.SuiteRunner.privateRun(SuiteRunner.java:355)
at org.testng.SuiteRunner.run(SuiteRunner.java:304)
at org.testng.SuiteRunnerWorker.runSuite(SuiteRunnerWorker.java:53)
at org.testng.SuiteRunnerWorker.run(SuiteRunnerWorker.java:96)
at org.testng.TestNG.runSuitesSequentially(TestNG.java:1180)
at org.testng.TestNG.runSuitesLocally(TestNG.java:1102)
at org.testng.TestNG.runSuites(TestNG.java:1032)
at org.testng.TestNG.run(TestNG.java:1000)
at org.testng.remote.AbstractRemoteTestNG.run(AbstractRemoteTestNG.java:115)
at org.testng.remote.RemoteTestNG.initAndRun(RemoteTestNG.java:251)
at org.testng.remote.RemoteTestNG.main(RemoteTestNG.java:77)
]]>
            </full-stacktrace>
          </exception> <!-- org.testng.TestNGException -->
          <reporter-output>
          </reporter-output>
        </test-method> <!-- verifyPersonalDataTest -->
        <test-method status="SKIP" signature="afterMethod()[pri:0, instance:test.retailer.RetailerPersonalInfoTest@33f88ab]" name="afterMethod" is-config="true" duration-ms="-1583067685069" started-at="2020-03-01T15:01:25 IST" finished-at="1970-01-01T02:00:00 IST">
          <reporter-output>
          </reporter-output>
        </test-method> <!-- afterMethod -->
        <test-method status="PASS" signature="afterTest()[pri:0, instance:test.retailer.RetailerPersonalInfoTest@33f88ab]" name="afterTest" is-config="true" duration-ms="0" started-at="2020-03-01T15:01:25 IST" finished-at="2020-03-01T15:01:25 IST">
          <reporter-output>
          </reporter-output>
        </test-method> <!-- afterTest -->
        <test-method status="PASS" signature="endReport()[pri:0, instance:test.retailer.RetailerPersonalInfoTest@33f88ab]" name="endReport" is-config="true" duration-ms="277" started-at="2020-03-01T15:01:25 IST" finished-at="2020-03-01T15:01:25 IST">
          <reporter-output>
          </reporter-output>
        </test-method> <!-- endReport -->
      </class> <!-- test.retailer.RetailerPersonalInfoTest -->
    </test> <!-- Admin -->
  </suite> <!-- TestAll -->
</testng-results>
